Using pre-set license
Built from '2020.2/release' branch; Version is '2020.2.1f1 (270dd8c3da1c) revision 2559448'; Using compiler version '192528614'; Build Type 'Release'
OS: 'Windows 10  (10.0.0) 64bit' Language: 'en' Physical Memory: 7631 MB
BatchMode: 1, IsHumanControllingUs: 0, StartBugReporterOnCrash: 0, Is64bit: 1, IsPro: 0

 COMMAND LINE ARGUMENTS:
C:\Program Files\Unity\Hub\Editor\2020.2.1f1\Editor\Unity.exe
-adb2
-batchMode
-noUpm
-name
AssetImportWorker0
-projectPath
C:/Users/AlphaBoi/Documents/Unity Projects/KnifeKnockout
-logFile
Logs/AssetImportWorker0.log
-srvPort
52385
Successfully changed project path to: C:/Users/AlphaBoi/Documents/Unity Projects/KnifeKnockout
C:/Users/AlphaBoi/Documents/Unity Projects/KnifeKnockout
Using Asset Import Pipeline V2.
Refreshing native plugins compatible for Editor in 57.51 ms, found 0 plugins.
Preloading 0 native plugins for Editor in 0.00 ms.
Initialize engine version: 2020.2.1f1 (270dd8c3da1c)
[Subsystems] Discovering subsystems at path C:/Program Files/Unity/Hub/Editor/2020.2.1f1/Editor/Data/Resources/UnitySubsystems
[Subsystems] Discovering subsystems at path C:/Users/AlphaBoi/Documents/Unity Projects/KnifeKnockout/Assets
GfxDevice: creating device client; threaded=0
Direct3D:
    Version:  Direct3D 11.0 [level 11.1]
    Renderer: AMD Radeon R7 Graphics (ID=0x9874)
    Vendor:   
    VRAM:     3815 MB
    Driver:   26.20.12036.11001
Initialize mono
Mono path[0] = 'C:/Program Files/Unity/Hub/Editor/2020.2.1f1/Editor/Data/Managed'
Mono path[1] = 'C:/Program Files/Unity/Hub/Editor/2020.2.1f1/Editor/Data/MonoBleedingEdge/lib/mono/unityjit'
Mono config path = 'C:/Program Files/Unity/Hub/Editor/2020.2.1f1/Editor/Data/MonoBleedingEdge/etc'
Using monoOptions --debugger-agent=transport=dt_socket,embedding=1,server=y,suspend=n,address=127.0.0.1:56504
Begin MonoManager ReloadAssembly
Registering precompiled unity dll's ...
Register platform support module: C:/Program Files/Unity/Hub/Editor/2020.2.1f1/Editor/Data/PlaybackEngines/WindowsStandaloneSupport/UnityEditor.WindowsStandalone.Extensions.dll
Register platform support module: C:/Program Files/Unity/Hub/Editor/2020.2.1f1/Editor/Data/PlaybackEngines/LinuxStandaloneSupport/UnityEditor.LinuxStandalone.Extensions.dll
Registered in 0.007782 seconds.
Native extension for LinuxStandalone target not found
Native extension for WindowsStandalone target not found
Refreshing native plugins compatible for Editor in 56.67 ms, found 0 plugins.
Preloading 0 native plugins for Editor in 0.00 ms.
Invoked RoslynAnalysisRunner static constructor.
RoslynAnalysisRunner will not be running.
RoslynAnalysisRunner has terminated.
Mono: successfully reloaded assembly
- Completed reload, in  6.400 seconds
Platform modules already initialized, skipping
Registering precompiled user dll's ...
Registered in 0.002926 seconds.
Begin MonoManager ReloadAssembly
Native extension for LinuxStandalone target not found
Native extension for WindowsStandalone target not found
Refreshing native plugins compatible for Editor in 0.67 ms, found 0 plugins.
Preloading 0 native plugins for Editor in 0.00 ms.
Invoked RoslynAnalysisRunner static constructor.
RoslynAnalysisRunner will not be running.
RoslynAnalysisRunner has terminated.
Mono: successfully reloaded assembly
- Completed reload, in  2.475 seconds
Platform modules already initialized, skipping
========================================================================
Worker process is ready to serve import requests
Launched and connected shader compiler UnityShaderCompiler.exe after 0.12 seconds
Refreshing native plugins compatible for Editor in 0.52 ms, found 0 plugins.
Preloading 0 native plugins for Editor in 0.00 ms.
Unloading 1094 Unused Serialized files (Serialized files now loaded: 0)
System memory in use before: 56.4 MB.
System memory in use after: 56.5 MB.

Unloading 10 unused Assets to reduce memory usage. Loaded Objects now: 1535.
Total: 5.045100 ms (FindLiveObjects: 0.403000 ms CreateObjectMapping: 0.102300 ms MarkObjects: 4.341700 ms  DeleteObjects: 0.193600 ms)

========================================================================
Received Import Request.
  path: Assets
  artifactKey: Guid(00000000000000001000000000000000) Importer(815301076,1909f56bfc062723c751e8b465ee728b)
Start importing Assets using Guid(00000000000000001000000000000000) Importer(815301076,1909f56bfc062723c751e8b465ee728b)  -> (artifact id: 'e1a2c4dac9df7c17871e19a3b74f0e9f') in 0.024715 seconds
  Import took 0.030339 seconds .

========================================================================
Received Import Request.
  Time since last request: 68.520470 seconds.
  path: Assets/Knife Hit Assets/Materials
  artifactKey: Guid(17b534c926ec2d943882b9d7712a143c) Importer(815301076,1909f56bfc062723c751e8b465ee728b)
Start importing Assets/Knife Hit Assets/Materials using Guid(17b534c926ec2d943882b9d7712a143c) Importer(815301076,1909f56bfc062723c751e8b465ee728b)  -> (artifact id: '920407cdac606653376bf7a815704824') in 0.029725 seconds
  Import took 0.037722 seconds .

========================================================================
Received Import Request.
  Time since last request: 0.083925 seconds.
  path: Assets/Knife Hit Assets/Materials/13732.mat
  artifactKey: Guid(c08f594d1f3f904408c926af3c771eed) Importer(815301076,1909f56bfc062723c751e8b465ee728b)
Start importing Assets/Knife Hit Assets/Materials/13732.mat using Guid(c08f594d1f3f904408c926af3c771eed) Importer(815301076,1909f56bfc062723c751e8b465ee728b)  -> (artifact id: '067cce6aefd46852681a0b38d51593fe') in 0.344933 seconds
  Import took 0.349961 seconds .

========================================================================
Received Import Request.
  Time since last request: 0.002133 seconds.
  path: Assets/Knife Hit Assets/Materials/13733.jpg
  artifactKey: Guid(0adeac14d6112064f91e26c8402b29ea) Importer(815301076,1909f56bfc062723c751e8b465ee728b)
Start importing Assets/Knife Hit Assets/Materials/13733.jpg using Guid(0adeac14d6112064f91e26c8402b29ea) Importer(815301076,1909f56bfc062723c751e8b465ee728b)  -> (artifact id: '8fdce299df8ff5d7a6873abc278618aa') in 0.305099 seconds
  Import took 0.313616 seconds .

========================================================================
Received Import Request.
  Time since last request: 223.489185 seconds.
  path: Assets/Knife Hit Assets/Models/Knife/Prefab/Knife.prefab
  artifactKey: Guid(8c377692db9f03049930e2fd87e71877) Importer(815301076,1909f56bfc062723c751e8b465ee728b)
Start importing Assets/Knife Hit Assets/Models/Knife/Prefab/Knife.prefab using Guid(8c377692db9f03049930e2fd87e71877) Importer(815301076,1909f56bfc062723c751e8b465ee728b)  -> (artifact id: 'c990a05c06846b607f2b1eb3334992d1') in 1.169744 seconds
  Import took 1.183005 seconds .

========================================================================
Received Import Request.
  Time since last request: 112.970200 seconds.
  path: Assets/Knife Hit Assets/Models/Knife/Textures&Mat/Version1
  artifactKey: Guid(2871d96f1e0a1c54da9cdf78516dd531) Importer(815301076,1909f56bfc062723c751e8b465ee728b)
Start importing Assets/Knife Hit Assets/Models/Knife/Textures&Mat/Version1 using Guid(2871d96f1e0a1c54da9cdf78516dd531) Importer(815301076,1909f56bfc062723c751e8b465ee728b)  -> (artifact id: '6534afc6b9596fc9ea2e97fcdf6f87fa') in 0.029034 seconds
  Import took 0.039331 seconds .

========================================================================
Received Import Request.
  Time since last request: 0.032094 seconds.
  path: Assets/Knife Hit Assets/Models/Knife/Textures&Mat/Version1/Grayscale.png
  artifactKey: Guid(cac21115db4d21540a6e33730c620f62) Importer(815301076,1909f56bfc062723c751e8b465ee728b)
Start importing Assets/Knife Hit Assets/Models/Knife/Textures&Mat/Version1/Grayscale.png using Guid(cac21115db4d21540a6e33730c620f62) Importer(815301076,1909f56bfc062723c751e8b465ee728b)  -> (artifact id: 'b4839f27bb2afafe52935d6c7b5b5eeb') in 0.071789 seconds
  Import took 0.078113 seconds .

========================================================================
Received Import Request.
  Time since last request: 0.000854 seconds.
  path: Assets/Knife Hit Assets/Models/Knife/Textures&Mat/Version1/New Material.mat
  artifactKey: Guid(454402b38f9c0ca4c9b765f12c71585a) Importer(815301076,1909f56bfc062723c751e8b465ee728b)
Start importing Assets/Knife Hit Assets/Models/Knife/Textures&Mat/Version1/New Material.mat using Guid(454402b38f9c0ca4c9b765f12c71585a) Importer(815301076,1909f56bfc062723c751e8b465ee728b)  -> (artifact id: 'd55fe357357af279ff06e4801fac888c') in 1.338400 seconds
  Import took 1.344386 seconds .

========================================================================
Received Import Request.
  Time since last request: 0.000639 seconds.
  path: Assets/Knife Hit Assets/Models/Knife/Textures&Mat/Version1/Knife_unwrapChekcerShaderSG_MetallicSmoothness.png
  artifactKey: Guid(df092f71a8e287b429c6a78ad611a54a) Importer(815301076,1909f56bfc062723c751e8b465ee728b)
Start importing Assets/Knife Hit Assets/Models/Knife/Textures&Mat/Version1/Knife_unwrapChekcerShaderSG_MetallicSmoothness.png using Guid(df092f71a8e287b429c6a78ad611a54a) Importer(815301076,1909f56bfc062723c751e8b465ee728b)  -> (artifact id: '928ad0d4b5aa5e0964ce3319e0dce9f9') in 0.077782 seconds
  Import took 0.085100 seconds .

========================================================================
Received Import Request.
  Time since last request: 0.001290 seconds.
  path: Assets/Knife Hit Assets/Models/Knife/Textures&Mat/Version1/Knife_unwrapChekcerShaderSG_Normal.png
  artifactKey: Guid(6f5bd994b14db6b4ba008621821ee9eb) Importer(815301076,1909f56bfc062723c751e8b465ee728b)
Start importing Assets/Knife Hit Assets/Models/Knife/Textures&Mat/Version1/Knife_unwrapChekcerShaderSG_Normal.png using Guid(6f5bd994b14db6b4ba008621821ee9eb) Importer(815301076,1909f56bfc062723c751e8b465ee728b)  -> (artifact id: '2e45782895e29bd6da8495f1133754d7') in 0.099851 seconds
  Import took 0.108772 seconds .

========================================================================
Received Import Request.
  Time since last request: 0.000681 seconds.
  path: Assets/Knife Hit Assets/Models/Knife/Textures&Mat/Version1/Knife_unwrapChekcerShaderSG_AlbedoTransparency.png
  artifactKey: Guid(91b7e7ada4141124cbac8d5e035d4b54) Importer(815301076,1909f56bfc062723c751e8b465ee728b)
Start importing Assets/Knife Hit Assets/Models/Knife/Textures&Mat/Version1/Knife_unwrapChekcerShaderSG_AlbedoTransparency.png using Guid(91b7e7ada4141124cbac8d5e035d4b54) Importer(815301076,1909f56bfc062723c751e8b465ee728b)  -> (artifact id: 'a97d55696c9924f2717a6216b609e5c9') in 0.078255 seconds
  Import took 0.085269 seconds .

========================================================================
Received Import Request.
  Time since last request: 0.006287 seconds.
  path: Assets/Knife Hit Assets/Models/Knife/Textures&Mat/Version1/Knife_unwrapChekcerShaderSG_AlbedoTransparency.png
  artifactKey: Guid(91b7e7ada4141124cbac8d5e035d4b54) Importer(815301076,1909f56bfc062723c751e8b465ee728b)
Start importing Assets/Knife Hit Assets/Models/Knife/Textures&Mat/Version1/Knife_unwrapChekcerShaderSG_AlbedoTransparency.png using Guid(91b7e7ada4141124cbac8d5e035d4b54) Importer(815301076,1909f56bfc062723c751e8b465ee728b)  -> (artifact id: 'a97d55696c9924f2717a6216b609e5c9') in 0.057277 seconds
  Import took 0.067621 seconds .

========================================================================
Received Import Request.
  Time since last request: 283.985001 seconds.
  path: ProjectSettings/TagManager.asset
  artifactKey: Guid(00000000000000003000000000000000) Importer(815301076,1909f56bfc062723c751e8b465ee728b)
Start importing ProjectSettings/TagManager.asset using Guid(00000000000000003000000000000000) Importer(815301076,1909f56bfc062723c751e8b465ee728b)  -> (artifact id: '8988b340c206bb1d98ca0d47b0266d3b') in 0.030960 seconds
  Import took 0.039922 seconds .

========================================================================
Received Import Request.
  Time since last request: 0.000751 seconds.
  path: ProjectSettings/TagManager.asset
  artifactKey: Guid(00000000000000003000000000000000) Importer(815301076,1909f56bfc062723c751e8b465ee728b)
Start importing ProjectSettings/TagManager.asset using Guid(00000000000000003000000000000000) Importer(815301076,1909f56bfc062723c751e8b465ee728b)  -> (artifact id: '8988b340c206bb1d98ca0d47b0266d3b') in 0.014962 seconds
  Import took 0.020058 seconds .

========================================================================
Received Import Request.
  Time since last request: 86.746470 seconds.
  path: Assets/Scipts
  artifactKey: Guid(e3b13d970511f984fb02e1aa49159f79) Importer(815301076,1909f56bfc062723c751e8b465ee728b)
Start importing Assets/Scipts using Guid(e3b13d970511f984fb02e1aa49159f79) Importer(815301076,1909f56bfc062723c751e8b465ee728b)  -> (artifact id: 'be01603d823635ea51848dcb3987bee2') in 0.029603 seconds
  Import took 0.035640 seconds .

========================================================================
Received Import Request.
  Time since last request: 13.820672 seconds.
  path: Assets/Scipts/Wood.cs
  artifactKey: Guid(8418275b4c541fb4ea27b99e615b488d) Importer(815301076,1909f56bfc062723c751e8b465ee728b)
Start importing Assets/Scipts/Wood.cs using Guid(8418275b4c541fb4ea27b99e615b488d) Importer(815301076,1909f56bfc062723c751e8b465ee728b)  -> (artifact id: 'aa0b1edfbe69f53ab5b131bdb0760d4b') in 0.074673 seconds
  Import took 0.083215 seconds .

========================================================================
Received Import Request.
  Time since last request: 0.298258 seconds.
  path: Assets/Scipts/Wood.cs
  artifactKey: Guid(8418275b4c541fb4ea27b99e615b488d) Importer(815301076,1909f56bfc062723c751e8b465ee728b)
Start importing Assets/Scipts/Wood.cs using Guid(8418275b4c541fb4ea27b99e615b488d) Importer(815301076,1909f56bfc062723c751e8b465ee728b)  -> (artifact id: 'aa0b1edfbe69f53ab5b131bdb0760d4b') in 0.016884 seconds
  Import took 0.030062 seconds .

========================================================================
Received Prepare
Registering precompiled user dll's ...
Registered in 0.001912 seconds.
Begin MonoManager ReloadAssembly
Native extension for LinuxStandalone target not found
Native extension for WindowsStandalone target not found
Refreshing native plugins compatible for Editor in 0.59 ms, found 0 plugins.
Preloading 0 native plugins for Editor in 0.00 ms.
Invoked RoslynAnalysisRunner static constructor.
RoslynAnalysisRunner will not be running.
RoslynAnalysisRunner has terminated.
Mono: successfully reloaded assembly
- Completed reload, in  3.048 seconds
Platform modules already initialized, skipping
Refreshing native plugins compatible for Editor in 0.61 ms, found 0 plugins.
Preloading 0 native plugins for Editor in 0.00 ms.
Unloading 1090 Unused Serialized files (Serialized files now loaded: 0)
System memory in use before: 60.3 MB.
System memory in use after: 60.4 MB.

Unloading 7 unused Assets to reduce memory usage. Loaded Objects now: 1582.
Total: 4.808500 ms (FindLiveObjects: 0.437600 ms CreateObjectMapping: 0.106000 ms MarkObjects: 4.102600 ms  DeleteObjects: 0.157500 ms)

========================================================================
Received Import Request.
  Time since last request: 143.904380 seconds.
  path: Assets/Scipts/Wood.cs
  artifactKey: Guid(8418275b4c541fb4ea27b99e615b488d) Importer(815301076,1909f56bfc062723c751e8b465ee728b)
Start importing Assets/Scipts/Wood.cs using Guid(8418275b4c541fb4ea27b99e615b488d) Importer(815301076,1909f56bfc062723c751e8b465ee728b)  -> (artifact id: '67dd2f1b454713eccd538254aabd216a') in 0.099079 seconds
  Import took 0.115028 seconds .

========================================================================
Received Import Request.
  Time since last request: 43.684810 seconds.
  path: Assets/Scipts/Wood.cs
  artifactKey: Guid(8418275b4c541fb4ea27b99e615b488d) Importer(815301076,1909f56bfc062723c751e8b465ee728b)
Start importing Assets/Scipts/Wood.cs using Guid(8418275b4c541fb4ea27b99e615b488d) Importer(815301076,1909f56bfc062723c751e8b465ee728b)  -> (artifact id: '063090e080f14042c5779827d95a5d26') in 0.032922 seconds
  Import took 0.053551 seconds .

========================================================================
Received Prepare
Registering precompiled user dll's ...
Registered in 0.003139 seconds.
Begin MonoManager ReloadAssembly
Native extension for LinuxStandalone target not found
Native extension for WindowsStandalone target not found
Refreshing native plugins compatible for Editor in 0.59 ms, found 0 plugins.
Preloading 0 native plugins for Editor in 0.00 ms.
Invoked RoslynAnalysisRunner static constructor.
RoslynAnalysisRunner will not be running.
RoslynAnalysisRunner has terminated.
Mono: successfully reloaded assembly
- Completed reload, in  2.342 seconds
Platform modules already initialized, skipping
Refreshing native plugins compatible for Editor in 0.66 ms, found 0 plugins.
Preloading 0 native plugins for Editor in 0.00 ms.
Unloading 1090 Unused Serialized files (Serialized files now loaded: 0)
System memory in use before: 60.5 MB.
System memory in use after: 60.6 MB.

Unloading 5 unused Assets to reduce memory usage. Loaded Objects now: 1584.
Total: 5.076900 ms (FindLiveObjects: 0.457600 ms CreateObjectMapping: 0.117000 ms MarkObjects: 4.362900 ms  DeleteObjects: 0.133900 ms)

========================================================================
Received Import Request.
  Time since last request: 16.905097 seconds.
  path: Assets/Scipts/Wood.cs
  artifactKey: Guid(8418275b4c541fb4ea27b99e615b488d) Importer(815301076,1909f56bfc062723c751e8b465ee728b)
Start importing Assets/Scipts/Wood.cs using Guid(8418275b4c541fb4ea27b99e615b488d) Importer(815301076,1909f56bfc062723c751e8b465ee728b)  -> (artifact id: 'b4f7b85df6ccb05f31be6ea4c9014bca') in 0.015622 seconds
  Import took 0.020600 seconds .

========================================================================
Received Import Request.
  Time since last request: 3.294334 seconds.
  path: Assets/Scipts/Wood.cs
  artifactKey: Guid(8418275b4c541fb4ea27b99e615b488d) Importer(815301076,1909f56bfc062723c751e8b465ee728b)
Start importing Assets/Scipts/Wood.cs using Guid(8418275b4c541fb4ea27b99e615b488d) Importer(815301076,1909f56bfc062723c751e8b465ee728b)  -> (artifact id: 'b4f7b85df6ccb05f31be6ea4c9014bca') in 0.016714 seconds
  Import took 0.022858 seconds .

========================================================================
Received Prepare
Registering precompiled user dll's ...
Registered in 0.002815 seconds.
Begin MonoManager ReloadAssembly
Native extension for LinuxStandalone target not found
Native extension for WindowsStandalone target not found
Refreshing native plugins compatible for Editor in 0.74 ms, found 0 plugins.
Preloading 0 native plugins for Editor in 0.00 ms.
Invoked RoslynAnalysisRunner static constructor.
RoslynAnalysisRunner will not be running.
RoslynAnalysisRunner has terminated.
Mono: successfully reloaded assembly
- Completed reload, in  2.535 seconds
Platform modules already initialized, skipping
Refreshing native plugins compatible for Editor in 0.51 ms, found 0 plugins.
Preloading 0 native plugins for Editor in 0.00 ms.
Unloading 1090 Unused Serialized files (Serialized files now loaded: 0)
System memory in use before: 60.6 MB.
System memory in use after: 60.7 MB.

Unloading 5 unused Assets to reduce memory usage. Loaded Objects now: 1586.
Total: 4.610700 ms (FindLiveObjects: 0.501400 ms CreateObjectMapping: 0.095300 ms MarkObjects: 3.846100 ms  DeleteObjects: 0.164300 ms)

========================================================================
Received Import Request.
  Time since last request: 21.415531 seconds.
  path: Assets/Scipts/Wood.cs
  artifactKey: Guid(8418275b4c541fb4ea27b99e615b488d) Importer(815301076,1909f56bfc062723c751e8b465ee728b)
Start importing Assets/Scipts/Wood.cs using Guid(8418275b4c541fb4ea27b99e615b488d) Importer(815301076,1909f56bfc062723c751e8b465ee728b)  -> (artifact id: 'eac7abeee2a3394e57dd9a5afdf62daf') in 0.015641 seconds
  Import took 0.023806 seconds .

========================================================================
Received Import Request.
  Time since last request: 62.894588 seconds.
  path: Assets/Scipts/Knife.cs
  artifactKey: Guid(6e4f2e336c432044fb1058a33e26b1ee) Importer(815301076,1909f56bfc062723c751e8b465ee728b)
Start importing Assets/Scipts/Knife.cs using Guid(6e4f2e336c432044fb1058a33e26b1ee) Importer(815301076,1909f56bfc062723c751e8b465ee728b)  -> (artifact id: 'b635d1cfe3e97a08d5116714bf22f724') in 0.016526 seconds
  Import took 0.022398 seconds .

========================================================================
Received Prepare
Registering precompiled user dll's ...
Registered in 0.002181 seconds.
Begin MonoManager ReloadAssembly
Native extension for LinuxStandalone target not found
Native extension for WindowsStandalone target not found
Refreshing native plugins compatible for Editor in 0.46 ms, found 0 plugins.
Preloading 0 native plugins for Editor in 0.00 ms.
Invoked RoslynAnalysisRunner static constructor.
RoslynAnalysisRunner will not be running.
RoslynAnalysisRunner has terminated.
Mono: successfully reloaded assembly
- Completed reload, in  2.405 seconds
Platform modules already initialized, skipping
Refreshing native plugins compatible for Editor in 0.45 ms, found 0 plugins.
Preloading 0 native plugins for Editor in 0.00 ms.
Unloading 1091 Unused Serialized files (Serialized files now loaded: 0)
System memory in use before: 60.8 MB.
System memory in use after: 60.9 MB.

Unloading 5 unused Assets to reduce memory usage. Loaded Objects now: 1589.
Total: 4.181400 ms (FindLiveObjects: 0.433400 ms CreateObjectMapping: 0.085100 ms MarkObjects: 3.539600 ms  DeleteObjects: 0.117400 ms)

========================================================================
Received Import Request.
  Time since last request: 549.535103 seconds.
  path: Assets/Scipts/Knife.cs
  artifactKey: Guid(6e4f2e336c432044fb1058a33e26b1ee) Importer(815301076,1909f56bfc062723c751e8b465ee728b)
Start importing Assets/Scipts/Knife.cs using Guid(6e4f2e336c432044fb1058a33e26b1ee) Importer(815301076,1909f56bfc062723c751e8b465ee728b)  -> (artifact id: '80d944be9e5e392871d21b4fe030c263') in 0.036438 seconds
  Import took 0.050705 seconds .

========================================================================
Received Import Request.
  Time since last request: 0.007611 seconds.
  path: Assets/Scipts/Knife.cs
  artifactKey: Guid(6e4f2e336c432044fb1058a33e26b1ee) Importer(815301076,1909f56bfc062723c751e8b465ee728b)
Start importing Assets/Scipts/Knife.cs using Guid(6e4f2e336c432044fb1058a33e26b1ee) Importer(815301076,1909f56bfc062723c751e8b465ee728b)  -> (artifact id: '80d944be9e5e392871d21b4fe030c263') in 0.015269 seconds
  Import took 0.019477 seconds .

========================================================================
Received Import Request.
  Time since last request: 34.582008 seconds.
  path: Assets/Scipts/Knife.cs
  artifactKey: Guid(6e4f2e336c432044fb1058a33e26b1ee) Importer(815301076,1909f56bfc062723c751e8b465ee728b)
Start importing Assets/Scipts/Knife.cs using Guid(6e4f2e336c432044fb1058a33e26b1ee) Importer(815301076,1909f56bfc062723c751e8b465ee728b)  -> (artifact id: 'c15307f48cda47b10b6d5983c78eb898') in 0.022486 seconds
  Import took 0.033882 seconds .

========================================================================
Received Import Request.
  Time since last request: 0.083624 seconds.
  path: Assets/Scipts/Knife.cs
  artifactKey: Guid(6e4f2e336c432044fb1058a33e26b1ee) Importer(815301076,1909f56bfc062723c751e8b465ee728b)
Start importing Assets/Scipts/Knife.cs using Guid(6e4f2e336c432044fb1058a33e26b1ee) Importer(815301076,1909f56bfc062723c751e8b465ee728b)  -> (artifact id: 'c15307f48cda47b10b6d5983c78eb898') in 0.028730 seconds
  Import took 0.037312 seconds .

========================================================================
Received Import Request.
  Time since last request: 21.214300 seconds.
  path: Assets/Scipts/Knife.cs
  artifactKey: Guid(6e4f2e336c432044fb1058a33e26b1ee) Importer(815301076,1909f56bfc062723c751e8b465ee728b)
Start importing Assets/Scipts/Knife.cs using Guid(6e4f2e336c432044fb1058a33e26b1ee) Importer(815301076,1909f56bfc062723c751e8b465ee728b)  -> (artifact id: '97240b391d720b330fd6327096aaff49') in 0.034399 seconds
  Import took 0.084060 seconds .

========================================================================
Received Prepare
Registering precompiled user dll's ...
Registered in 0.003118 seconds.
Begin MonoManager ReloadAssembly
Native extension for LinuxStandalone target not found
Native extension for WindowsStandalone target not found
Refreshing native plugins compatible for Editor in 0.61 ms, found 0 plugins.
Preloading 0 native plugins for Editor in 0.00 ms.
Invoked RoslynAnalysisRunner static constructor.
RoslynAnalysisRunner will not be running.
RoslynAnalysisRunner has terminated.
Mono: successfully reloaded assembly
- Completed reload, in  2.492 seconds
Platform modules already initialized, skipping
Refreshing native plugins compatible for Editor in 0.71 ms, found 0 plugins.
Preloading 0 native plugins for Editor in 0.00 ms.
Unloading 1091 Unused Serialized files (Serialized files now loaded: 0)
System memory in use before: 60.9 MB.
System memory in use after: 61.0 MB.

Unloading 5 unused Assets to reduce memory usage. Loaded Objects now: 1591.
Total: 4.946500 ms (FindLiveObjects: 0.503100 ms CreateObjectMapping: 0.092800 ms MarkObjects: 4.170800 ms  DeleteObjects: 0.175200 ms)

========================================================================
Received Import Request.
  Time since last request: 25.454580 seconds.
  path: Assets/Scipts/Knife.cs
  artifactKey: Guid(6e4f2e336c432044fb1058a33e26b1ee) Importer(815301076,1909f56bfc062723c751e8b465ee728b)
Start importing Assets/Scipts/Knife.cs using Guid(6e4f2e336c432044fb1058a33e26b1ee) Importer(815301076,1909f56bfc062723c751e8b465ee728b)  -> (artifact id: '0b2ce83419d1a54c4aa451fc15c57837') in 0.018100 seconds
  Import took 0.023475 seconds .

========================================================================
Received Prepare
Registering precompiled user dll's ...
Registered in 0.002190 seconds.
Begin MonoManager ReloadAssembly
Native extension for LinuxStandalone target not found
Native extension for WindowsStandalone target not found
Refreshing native plugins compatible for Editor in 0.61 ms, found 0 plugins.
Preloading 0 native plugins for Editor in 0.00 ms.
Invoked RoslynAnalysisRunner static constructor.
RoslynAnalysisRunner will not be running.
RoslynAnalysisRunner has terminated.
Mono: successfully reloaded assembly
- Completed reload, in  2.640 seconds
Platform modules already initialized, skipping
Refreshing native plugins compatible for Editor in 1.09 ms, found 0 plugins.
Preloading 0 native plugins for Editor in 0.00 ms.
Unloading 1091 Unused Serialized files (Serialized files now loaded: 0)
System memory in use before: 61.0 MB.
System memory in use after: 61.1 MB.

Unloading 5 unused Assets to reduce memory usage. Loaded Objects now: 1593.
Total: 8.306800 ms (FindLiveObjects: 0.499700 ms CreateObjectMapping: 0.474900 ms MarkObjects: 7.153700 ms  DeleteObjects: 0.172300 ms)

========================================================================
Received Prepare
Registering precompiled user dll's ...
Registered in 0.001724 seconds.
Begin MonoManager ReloadAssembly
Native extension for LinuxStandalone target not found
Native extension for WindowsStandalone target not found
Refreshing native plugins compatible for Editor in 0.41 ms, found 0 plugins.
Preloading 0 native plugins for Editor in 0.00 ms.
Invoked RoslynAnalysisRunner static constructor.
RoslynAnalysisRunner will not be running.
RoslynAnalysisRunner has terminated.
Mono: successfully reloaded assembly
- Completed reload, in  2.254 seconds
Platform modules already initialized, skipping
Refreshing native plugins compatible for Editor in 0.58 ms, found 0 plugins.
Preloading 0 native plugins for Editor in 0.00 ms.
Unloading 1091 Unused Serialized files (Serialized files now loaded: 0)
System memory in use before: 61.2 MB.
System memory in use after: 61.2 MB.

Unloading 5 unused Assets to reduce memory usage. Loaded Objects now: 1595.
Total: 6.821900 ms (FindLiveObjects: 1.247900 ms CreateObjectMapping: 0.188100 ms MarkObjects: 5.244600 ms  DeleteObjects: 0.136900 ms)

========================================================================
Received Prepare
Registering precompiled user dll's ...
Registered in 0.002117 seconds.
Begin MonoManager ReloadAssembly
Native extension for LinuxStandalone target not found
Native extension for WindowsStandalone target not found
Refreshing native plugins compatible for Editor in 0.62 ms, found 0 plugins.
Preloading 0 native plugins for Editor in 0.00 ms.
Invoked RoslynAnalysisRunner static constructor.
RoslynAnalysisRunner will not be running.
RoslynAnalysisRunner has terminated.
Mono: successfully reloaded assembly
- Completed reload, in  2.600 seconds
Platform modules already initialized, skipping
Refreshing native plugins compatible for Editor in 0.60 ms, found 0 plugins.
Preloading 0 native plugins for Editor in 0.00 ms.
Unloading 1091 Unused Serialized files (Serialized files now loaded: 0)
System memory in use before: 61.2 MB.
System memory in use after: 61.3 MB.

Unloading 5 unused Assets to reduce memory usage. Loaded Objects now: 1597.
Total: 5.465700 ms (FindLiveObjects: 0.450800 ms CreateObjectMapping: 0.087200 ms MarkObjects: 4.743400 ms  DeleteObjects: 0.179400 ms)

========================================================================
Received Import Request.
  Time since last request: 598.294134 seconds.
  path: Assets/1184067.jpg
  artifactKey: Guid(4095a9ae7babebd448469e1406787edd) Importer(815301076,1909f56bfc062723c751e8b465ee728b)
Start importing Assets/1184067.jpg using Guid(4095a9ae7babebd448469e1406787edd) Importer(815301076,1909f56bfc062723c751e8b465ee728b)  -> (artifact id: 'ed3795c2056aada27838d144763d05fb') in 0.156944 seconds
  Import took 0.166361 seconds .

========================================================================
Received Import Request.
  Time since last request: 15.541891 seconds.
  path: Assets/Knife Hit Assets/Models/Knife/Prefab/Knife.prefab
  artifactKey: Guid(8c377692db9f03049930e2fd87e71877) Importer(815301076,1909f56bfc062723c751e8b465ee728b)
Start importing Assets/Knife Hit Assets/Models/Knife/Prefab/Knife.prefab using Guid(8c377692db9f03049930e2fd87e71877) Importer(815301076,1909f56bfc062723c751e8b465ee728b)  -> (artifact id: '7b94c61683ab8bea23646692baca7c80') in 0.160198 seconds
  Import took 0.167276 seconds .

========================================================================
Received Import Request.
  Time since last request: 42.406025 seconds.
  path: Assets/Scipts/KnifeSpawnner.cs
  artifactKey: Guid(7de05c5eff2bc774dace9d84bdbd5433) Importer(815301076,1909f56bfc062723c751e8b465ee728b)
Start importing Assets/Scipts/KnifeSpawnner.cs using Guid(7de05c5eff2bc774dace9d84bdbd5433) Importer(815301076,1909f56bfc062723c751e8b465ee728b)  -> (artifact id: '82c9662169d02646f78c34d2c5e9e328') in 0.037227 seconds
  Import took 0.045003 seconds .

========================================================================
Received Prepare
Registering precompiled user dll's ...
Registered in 0.002896 seconds.
Begin MonoManager ReloadAssembly
Native extension for LinuxStandalone target not found
Native extension for WindowsStandalone target not found
Refreshing native plugins compatible for Editor in 0.93 ms, found 0 plugins.
Preloading 0 native plugins for Editor in 0.00 ms.
Invoked RoslynAnalysisRunner static constructor.
RoslynAnalysisRunner will not be running.
RoslynAnalysisRunner has terminated.
Mono: successfully reloaded assembly
- Completed reload, in  2.734 seconds
Platform modules already initialized, skipping
Refreshing native plugins compatible for Editor in 0.58 ms, found 0 plugins.
Preloading 0 native plugins for Editor in 0.00 ms.
Unloading 1092 Unused Serialized files (Serialized files now loaded: 0)
System memory in use before: 61.4 MB.
System memory in use after: 61.5 MB.

Unloading 5 unused Assets to reduce memory usage. Loaded Objects now: 1602.
Total: 5.286100 ms (FindLiveObjects: 0.491400 ms CreateObjectMapping: 0.107400 ms MarkObjects: 4.556500 ms  DeleteObjects: 0.127400 ms)

========================================================================
Received Prepare
Registering precompiled user dll's ...
Registered in 0.002315 seconds.
Begin MonoManager ReloadAssembly
Native extension for LinuxStandalone target not found
Native extension for WindowsStandalone target not found
Refreshing native plugins compatible for Editor in 0.63 ms, found 0 plugins.
Preloading 0 native plugins for Editor in 0.00 ms.
Invoked RoslynAnalysisRunner static constructor.
RoslynAnalysisRunner will not be running.
RoslynAnalysisRunner has terminated.
Mono: successfully reloaded assembly
- Completed reload, in  2.580 seconds
Platform modules already initialized, skipping
Refreshing native plugins compatible for Editor in 0.62 ms, found 0 plugins.
Preloading 0 native plugins for Editor in 0.00 ms.
Unloading 1092 Unused Serialized files (Serialized files now loaded: 0)
System memory in use before: 61.6 MB.
System memory in use after: 61.7 MB.

Unloading 5 unused Assets to reduce memory usage. Loaded Objects now: 1604.
Total: 4.563100 ms (FindLiveObjects: 0.457500 ms CreateObjectMapping: 0.096000 ms MarkObjects: 3.867500 ms  DeleteObjects: 0.138600 ms)

========================================================================
Received Prepare
Registering precompiled user dll's ...
Registered in 0.002073 seconds.
Begin MonoManager ReloadAssembly
Native extension for LinuxStandalone target not found
Native extension for WindowsStandalone target not found
Refreshing native plugins compatible for Editor in 0.68 ms, found 0 plugins.
Preloading 0 native plugins for Editor in 0.00 ms.
Invoked RoslynAnalysisRunner static constructor.
RoslynAnalysisRunner will not be running.
RoslynAnalysisRunner has terminated.
Mono: successfully reloaded assembly
- Completed reload, in  2.630 seconds
Platform modules already initialized, skipping
Refreshing native plugins compatible for Editor in 0.56 ms, found 0 plugins.
Preloading 0 native plugins for Editor in 0.00 ms.
Unloading 1092 Unused Serialized files (Serialized files now loaded: 0)
System memory in use before: 61.7 MB.
System memory in use after: 61.8 MB.

Unloading 5 unused Assets to reduce memory usage. Loaded Objects now: 1606.
Total: 4.538800 ms (FindLiveObjects: 0.567900 ms CreateObjectMapping: 0.098100 ms MarkObjects: 3.741200 ms  DeleteObjects: 0.127100 ms)

========================================================================
Received Prepare
Registering precompiled user dll's ...
Registered in 0.003587 seconds.
Begin MonoManager ReloadAssembly
Native extension for LinuxStandalone target not found
Native extension for WindowsStandalone target not found
Refreshing native plugins compatible for Editor in 0.48 ms, found 0 plugins.
Preloading 0 native plugins for Editor in 0.00 ms.
Invoked RoslynAnalysisRunner static constructor.
RoslynAnalysisRunner will not be running.
RoslynAnalysisRunner has terminated.
Mono: successfully reloaded assembly
- Completed reload, in  3.334 seconds
Platform modules already initialized, skipping
Refreshing native plugins compatible for Editor in 0.44 ms, found 0 plugins.
Preloading 0 native plugins for Editor in 0.00 ms.
Unloading 1092 Unused Serialized files (Serialized files now loaded: 0)
System memory in use before: 61.9 MB.
System memory in use after: 62.0 MB.

Unloading 5 unused Assets to reduce memory usage. Loaded Objects now: 1608.
Total: 4.147300 ms (FindLiveObjects: 0.373600 ms CreateObjectMapping: 0.098000 ms MarkObjects: 3.572600 ms  DeleteObjects: 0.100200 ms)

========================================================================
Received Prepare
Registering precompiled user dll's ...
Registered in 0.002133 seconds.
Begin MonoManager ReloadAssembly
Native extension for LinuxStandalone target not found
Native extension for WindowsStandalone target not found
Refreshing native plugins compatible for Editor in 0.66 ms, found 0 plugins.
Preloading 0 native plugins for Editor in 0.00 ms.
Invoked RoslynAnalysisRunner static constructor.
RoslynAnalysisRunner will not be running.
RoslynAnalysisRunner has terminated.
Mono: successfully reloaded assembly
- Completed reload, in  2.469 seconds
Platform modules already initialized, skipping
Refreshing native plugins compatible for Editor in 0.57 ms, found 0 plugins.
Preloading 0 native plugins for Editor in 0.00 ms.
Unloading 1092 Unused Serialized files (Serialized files now loaded: 0)
System memory in use before: 62.0 MB.
System memory in use after: 62.1 MB.

Unloading 5 unused Assets to reduce memory usage. Loaded Objects now: 1610.
Total: 5.053300 ms (FindLiveObjects: 0.569000 ms CreateObjectMapping: 0.181400 ms MarkObjects: 4.161800 ms  DeleteObjects: 0.137900 ms)

========================================================================
Received Prepare
Registering precompiled user dll's ...
Registered in 0.002073 seconds.
Begin MonoManager ReloadAssembly
Native extension for LinuxStandalone target not found
Native extension for WindowsStandalone target not found
Refreshing native plugins compatible for Editor in 0.90 ms, found 0 plugins.
Preloading 0 native plugins for Editor in 0.00 ms.
Invoked RoslynAnalysisRunner static constructor.
RoslynAnalysisRunner will not be running.
RoslynAnalysisRunner has terminated.
Mono: successfully reloaded assembly
- Completed reload, in  3.172 seconds
Platform modules already initialized, skipping
Refreshing native plugins compatible for Editor in 0.66 ms, found 0 plugins.
Preloading 0 native plugins for Editor in 0.00 ms.
Unloading 1092 Unused Serialized files (Serialized files now loaded: 0)
System memory in use before: 62.1 MB.
System memory in use after: 62.2 MB.

Unloading 5 unused Assets to reduce memory usage. Loaded Objects now: 1612.
Total: 4.395300 ms (FindLiveObjects: 0.440800 ms CreateObjectMapping: 0.073800 ms MarkObjects: 3.710400 ms  DeleteObjects: 0.166100 ms)

========================================================================
Received Prepare
Registering precompiled user dll's ...
Registered in 0.001654 seconds.
Begin MonoManager ReloadAssembly
Native extension for LinuxStandalone target not found
Native extension for WindowsStandalone target not found
Refreshing native plugins compatible for Editor in 0.51 ms, found 0 plugins.
Preloading 0 native plugins for Editor in 0.00 ms.
Invoked RoslynAnalysisRunner static constructor.
RoslynAnalysisRunner will not be running.
RoslynAnalysisRunner has terminated.
Mono: successfully reloaded assembly
- Completed reload, in  2.037 seconds
Platform modules already initialized, skipping
Refreshing native plugins compatible for Editor in 0.67 ms, found 0 plugins.
Preloading 0 native plugins for Editor in 0.00 ms.
Unloading 1092 Unused Serialized files (Serialized files now loaded: 0)
System memory in use before: 62.3 MB.
System memory in use after: 62.3 MB.

Unloading 5 unused Assets to reduce memory usage. Loaded Objects now: 1614.
Total: 4.897800 ms (FindLiveObjects: 0.466800 ms CreateObjectMapping: 0.133300 ms MarkObjects: 4.146000 ms  DeleteObjects: 0.147200 ms)

========================================================================
Received Import Request.
  Time since last request: 891.804835 seconds.
  path: Assets/Knife Hit Assets/Models/Knife/Prefab
  artifactKey: Guid(de79230142e5d104abb63ef564980a41) Importer(815301076,1909f56bfc062723c751e8b465ee728b)
Start importing Assets/Knife Hit Assets/Models/Knife/Prefab using Guid(de79230142e5d104abb63ef564980a41) Importer(815301076,1909f56bfc062723c751e8b465ee728b)  -> (artifact id: 'd26509dae001b5ddff1863e0cabc04b2') in 0.033160 seconds
  Import took 0.039607 seconds .

========================================================================
Received Import Request.
  Time since last request: 0.011076 seconds.
  path: Assets/Knife Hit Assets/Models/Knife/Prefab
  artifactKey: Guid(de79230142e5d104abb63ef564980a41) Importer(815301076,1909f56bfc062723c751e8b465ee728b)
Start importing Assets/Knife Hit Assets/Models/Knife/Prefab using Guid(de79230142e5d104abb63ef564980a41) Importer(815301076,1909f56bfc062723c751e8b465ee728b)  -> (artifact id: 'd26509dae001b5ddff1863e0cabc04b2') in 0.015018 seconds
  Import took 0.021318 seconds .

========================================================================
Received Prepare
Registering precompiled user dll's ...
Registered in 0.002041 seconds.
Begin MonoManager ReloadAssembly
Native extension for LinuxStandalone target not found
Native extension for WindowsStandalone target not found
Refreshing native plugins compatible for Editor in 0.58 ms, found 0 plugins.
Preloading 0 native plugins for Editor in 0.00 ms.
Invoked RoslynAnalysisRunner static constructor.
RoslynAnalysisRunner will not be running.
RoslynAnalysisRunner has terminated.
Mono: successfully reloaded assembly
- Completed reload, in  2.436 seconds
Platform modules already initialized, skipping
Refreshing native plugins compatible for Editor in 0.59 ms, found 0 plugins.
Preloading 0 native plugins for Editor in 0.00 ms.
Unloading 1092 Unused Serialized files (Serialized files now loaded: 0)
System memory in use before: 62.3 MB.
System memory in use after: 62.4 MB.

Unloading 5 unused Assets to reduce memory usage. Loaded Objects now: 1616.
Total: 4.328900 ms (FindLiveObjects: 0.492400 ms CreateObjectMapping: 0.138800 ms MarkObjects: 3.557500 ms  DeleteObjects: 0.135400 ms)

========================================================================
Received Prepare
Registering precompiled user dll's ...
Registered in 0.001716 seconds.
Begin MonoManager ReloadAssembly
Native extension for LinuxStandalone target not found
Native extension for WindowsStandalone target not found
Refreshing native plugins compatible for Editor in 0.41 ms, found 0 plugins.
Preloading 0 native plugins for Editor in 0.00 ms.
Invoked RoslynAnalysisRunner static constructor.
RoslynAnalysisRunner will not be running.
RoslynAnalysisRunner has terminated.
Mono: successfully reloaded assembly
- Completed reload, in  2.089 seconds
Platform modules already initialized, skipping
Refreshing native plugins compatible for Editor in 0.45 ms, found 0 plugins.
Preloading 0 native plugins for Editor in 0.00 ms.
Unloading 1092 Unused Serialized files (Serialized files now loaded: 0)
System memory in use before: 61.5 MB.
System memory in use after: 61.6 MB.

Unloading 5 unused Assets to reduce memory usage. Loaded Objects now: 1618.
Total: 3.749300 ms (FindLiveObjects: 0.388100 ms CreateObjectMapping: 0.135500 ms MarkObjects: 3.111400 ms  DeleteObjects: 0.110300 ms)

========================================================================
Received Prepare
Registering precompiled user dll's ...
Registered in 0.002171 seconds.
Begin MonoManager ReloadAssembly
Native extension for LinuxStandalone target not found
Native extension for WindowsStandalone target not found
Refreshing native plugins compatible for Editor in 0.57 ms, found 0 plugins.
Preloading 0 native plugins for Editor in 0.00 ms.
Invoked RoslynAnalysisRunner static constructor.
RoslynAnalysisRunner will not be running.
RoslynAnalysisRunner has terminated.
Mono: successfully reloaded assembly
- Completed reload, in  2.095 seconds
Platform modules already initialized, skipping
Refreshing native plugins compatible for Editor in 0.55 ms, found 0 plugins.
Preloading 0 native plugins for Editor in 0.00 ms.
Unloading 1092 Unused Serialized files (Serialized files now loaded: 0)
System memory in use before: 61.6 MB.
System memory in use after: 61.7 MB.

Unloading 5 unused Assets to reduce memory usage. Loaded Objects now: 1620.
Total: 4.145900 ms (FindLiveObjects: 0.495400 ms CreateObjectMapping: 0.087500 ms MarkObjects: 3.397100 ms  DeleteObjects: 0.162100 ms)

========================================================================
Received Prepare
Registering precompiled user dll's ...
Registered in 0.001758 seconds.
Begin MonoManager ReloadAssembly
Native extension for LinuxStandalone target not found
Native extension for WindowsStandalone target not found
Refreshing native plugins compatible for Editor in 0.47 ms, found 0 plugins.
Preloading 0 native plugins for Editor in 0.00 ms.
Invoked RoslynAnalysisRunner static constructor.
RoslynAnalysisRunner will not be running.
RoslynAnalysisRunner has terminated.
Mono: successfully reloaded assembly
- Completed reload, in  2.616 seconds
Platform modules already initialized, skipping
Refreshing native plugins compatible for Editor in 0.60 ms, found 0 plugins.
Preloading 0 native plugins for Editor in 0.00 ms.
Unloading 1092 Unused Serialized files (Serialized files now loaded: 0)
System memory in use before: 61.8 MB.
System memory in use after: 61.8 MB.

Unloading 5 unused Assets to reduce memory usage. Loaded Objects now: 1622.
Total: 3.875500 ms (FindLiveObjects: 0.421300 ms CreateObjectMapping: 0.073000 ms MarkObjects: 3.241300 ms  DeleteObjects: 0.136700 ms)

========================================================================
Received Prepare
Registering precompiled user dll's ...
Registered in 0.001736 seconds.
Begin MonoManager ReloadAssembly
Native extension for LinuxStandalone target not found
Native extension for WindowsStandalone target not found
Refreshing native plugins compatible for Editor in 0.54 ms, found 0 plugins.
Preloading 0 native plugins for Editor in 0.00 ms.
Invoked RoslynAnalysisRunner static constructor.
RoslynAnalysisRunner will not be running.
RoslynAnalysisRunner has terminated.
Mono: successfully reloaded assembly
- Completed reload, in  2.161 seconds
Platform modules already initialized, skipping
Refreshing native plugins compatible for Editor in 0.54 ms, found 0 plugins.
Preloading 0 native plugins for Editor in 0.00 ms.
Unloading 1092 Unused Serialized files (Serialized files now loaded: 0)
System memory in use before: 61.9 MB.
System memory in use after: 62.0 MB.

Unloading 5 unused Assets to reduce memory usage. Loaded Objects now: 1624.
Total: 3.838700 ms (FindLiveObjects: 0.398600 ms CreateObjectMapping: 0.081200 ms MarkObjects: 3.169000 ms  DeleteObjects: 0.185600 ms)

========================================================================
Received Prepare
Registering precompiled user dll's ...
Registered in 0.002575 seconds.
Begin MonoManager ReloadAssembly
Native extension for LinuxStandalone target not found
Native extension for WindowsStandalone target not found
Refreshing native plugins compatible for Editor in 0.46 ms, found 0 plugins.
Preloading 0 native plugins for Editor in 0.00 ms.
Invoked RoslynAnalysisRunner static constructor.
RoslynAnalysisRunner will not be running.
RoslynAnalysisRunner has terminated.
Mono: successfully reloaded assembly
- Completed reload, in  1.712 seconds
Platform modules already initialized, skipping
Refreshing native plugins compatible for Editor in 0.40 ms, found 0 plugins.
Preloading 0 native plugins for Editor in 0.00 ms.
Unloading 1092 Unused Serialized files (Serialized files now loaded: 0)
System memory in use before: 62.0 MB.
System memory in use after: 62.1 MB.

Unloading 5 unused Assets to reduce memory usage. Loaded Objects now: 1626.
Total: 3.095500 ms (FindLiveObjects: 0.427100 ms CreateObjectMapping: 0.091700 ms MarkObjects: 2.475900 ms  DeleteObjects: 0.097900 ms)

AssetImportWorkerClient::OnTransportError - code=2 error=End of file
